<?xml version="1.0" encoding="UTF-8"?>
<!-- Generated by org.testng.reporters.JUnitReportReporter -->
<testsuite skipped="0" hostname="DESKTOP-F0F4KET" name="com.navigator.loginForAdminTest.AdminUserTest" tests="1" failures="0" timestamp="19 Nov 2020 13:50:29 GMT" time="11.275" errors="0">
  <testcase name="createAdminUser" time="11.275" classname="com.navigator.loginForAdminTest.AdminUserTest"/>
</testsuite> <!-- com.navigator.loginForAdminTest.AdminUserTest -->
