<?xml version="1.0" encoding="UTF-8"?>
<!-- Generated by org.testng.reporters.JUnitReportReporter -->
<testsuite skipped="0" hostname="DESKTOP-F0F4KET" name="com.navigator.loginForAdminTest.RolesTest" tests="1" failures="0" timestamp="11 Nov 2020 10:30:15 GMT" time="13.569" errors="0">
  <testcase name="createRoles" time="13.569" classname="com.navigator.loginForAdminTest.RolesTest"/>
</testsuite> <!-- com.navigator.loginForAdminTest.RolesTest -->
